<?xml version="1.0" encoding="UTF-8"?>
<!-- Generated by org.testng.reporters.JUnitReportReporter -->
<testsuite skipped="0" hostname="192-168-1-107.tpgi.com.au" name="io.weatherbit.tests.GetForcastDailyTests" tests="1" failures="0" timestamp="07 Sep 2019 14:55:32 GMT" time="3.731" errors="0">
  <testcase name="getForecast" time="3.731" classname="io.weatherbit.tests.GetForcastDailyTests"/>
</testsuite> <!-- io.weatherbit.tests.GetForcastDailyTests -->
