<?xml version="1.0" encoding="UTF-8"?>
<!-- Generated by org.testng.reporters.JUnitReportReporter -->
<testsuite skipped="0" hostname="192-168-1-107.tpgi.com.au" name="io.weatherbit.tests.PerformanceTests" tests="1" failures="0" timestamp="08 Sep 2019 17:56:56 GMT" time="81.407" errors="0">
  <testcase name="Performance" time="81.407" classname="io.weatherbit.tests.PerformanceTests"/>
</testsuite> <!-- io.weatherbit.tests.PerformanceTests -->
