<?xml version="1.0" encoding="UTF-8"?>
<!-- Generated by org.testng.reporters.JUnitReportReporter -->
<testsuite skipped="0" hostname="192-168-1-107.tpgi.com.au" name="io.weatherbit.tests.GetCurrentTests" tests="1" failures="0" timestamp="08 Sep 2019 15:27:09 GMT" time="4.712" errors="0">
  <testcase name="getCurrent" time="4.712" classname="io.weatherbit.tests.GetCurrentTests"/>
</testsuite> <!-- io.weatherbit.tests.GetCurrentTests -->
